<?xml version="1.0" encoding="UTF-8" ?>

<testsuite failures="0" time="0.01" errors="0" skipped="0" tests="5" name="BasicTest">
  <testcase classname="BasicTest" name="useTheCommentsRelation" time="0">
      </testcase>
  <testcase classname="BasicTest" name="postComments" time="0.01">
      </testcase>
  <testcase classname="BasicTest" name="tryConnectAsUser" time="0">
      </testcase>
  <testcase classname="BasicTest" name="createPedido" time="0">
      </testcase>
  <testcase classname="BasicTest" name="createAndRetrieveUser" time="0">
      </testcase>
</testsuite>